<?xml version="1.0" encoding="UTF-8"?>
<!-- Generated by org.testng.reporters.JUnitReportReporter -->
<testsuite hostname="Collaberas-MacBook-Pro.local" failures="0" tests="2" name="restAssured_Sample.SimpleTestNG" time="4.262" errors="0" timestamp="2023-04-27T09:54:47 PST" skipped="0">
  <testcase classname="restAssured_Sample.SimpleTestNG" name="getValueForSpecificJsonPatH" time="1.122"/>
  <system-out/>
  <testcase classname="restAssured_Sample.SimpleTestNG" name="WeatherMessageBody" time="3.140"/>
  <system-out/>
</testsuite> <!-- restAssured_Sample.SimpleTestNG -->
