<?xml version="1.0" encoding="UTF-8"?>
<!-- Generated by org.testng.reporters.JUnitReportReporter -->
<testsuite hostname="Collaberas-MacBook-Pro.local" failures="0" tests="1" name="restAssured_Sample.UserRegistration" time="3.233" errors="0" timestamp="2023-04-27T11:35:05 PST" skipped="0">
  <testcase classname="restAssured_Sample.UserRegistration" name="userRegistrationSuccessful" time="3.233"/>
  <system-out/>
</testsuite> <!-- restAssured_Sample.UserRegistration -->
