<?xml version="1.0" encoding="UTF-8"?>
<!-- Generated by org.testng.reporters.JUnitReportReporter -->
<testsuite hostname="Collaberas-MacBook-Pro.local" failures="0" tests="1" name="restAssured_Sample.QueryParam" time="4.053" errors="0" timestamp="2023-04-27T10:25:37 PST" skipped="0">
  <testcase classname="restAssured_Sample.QueryParam" name="queryParameter" time="4.053"/>
  <system-out/>
</testsuite> <!-- restAssured_Sample.QueryParam -->
